aujourd'hui
samedi
hier
demain
l'après-midi
juin
À sept heures
le mois de juin
deux ou trois jours
près de trois quarts d'heure
très longtemps
Au bout de ce temps
vingt heures
à dix-sept
dans ces moments
Aujourd'hui
le mois d'août
une soixantaine d'années
toute la journée
À ce moment
à onze heures
à six heures
une demi-journée
ce mois-ci
au bout de quelque temps
Pendant ce temps
il y a longtemps
trois jours
dimanche
onze heures et demie
l'heure du déjeuner
Vers une heure et demie
deux heures
la journée de dimanche
demain soir
après-demain
la veillée d'hier
ma journée d'hier
Depuis hier
